# JRE version: OpenJDK Runtime Environment Temurin-21.0.6+7 (21.0.6+7) (build 21.0.6+7-LTS)
# Java VM: OpenJDK 64-Bit Server VM Temurin-21.0.6+7 (21.0.6+7-LTS, mixed mode, emulated-client, sharing, tiered, compressed oops, compressed class ptrs, g1 gc, windows-amd64)
GC Precious Log:
 CardTable entry size: 512
 Card Set container configuration: InlinePtr #cards 4 size 8 Array Of Cards #cards 16 size 48 Howl #buckets 8 coarsen threshold 3686 Howl Bitmap #cards 512 size 80 coarsen threshold 460 Card regions per heap region 1 cards per card region 4096
 CPUs: 12 total, 12 available
 Memory: 16016M
 Large Page Support: Disabled
 NUMA Support: Disabled
 Compressed Oops: Enabled (Zero based)
 Heap Region Size: 2M
 Heap Min Capacity: 8M
 Heap Initial Capacity: 252M
 Heap Max Capacity: 4006M
 Pre-touch: Disabled
 Parallel Workers: 10
 Concurrent Workers: 3
 Concurrent Refinement Workers: 10
 Periodic GC: Disabled
Heap:
 garbage-first heap   total 114688K, used 53602K [0x0000000705a00000, 0x0000000800000000)
  region size 2048K, 13 young (26624K), 3 survivors (6144K)
 Metaspace       used 76382K, committed 77248K, reserved 1179648K
  class space    used 10670K, committed 11072K, reserved 1048576K
GC Heap History (20 events):
Event: 4.762 GC heap before
{Heap before GC invocations=14 (full 0):
 garbage-first heap   total 94208K, used 73997K [0x0000000705a00000, 0x0000000800000000)
  region size 2048K, 27 young (55296K), 3 survivors (6144K)
 Metaspace       used 43477K, committed 44096K, reserved 1114112K
  class space    used 5981K, committed 6272K, reserved 1048576K
}
Event: 4.766 GC heap after
{Heap after GC invocations=15 (full 0):
 garbage-first heap   total 94208K, used 26100K [0x0000000705a00000, 0x0000000800000000)
  region size 2048K, 3 young (6144K), 3 survivors (6144K)
 Metaspace       used 43477K, committed 44096K, reserved 1114112K
  class space    used 5981K, committed 6272K, reserved 1048576K
}
Event: 5.032 GC heap before
{Heap before GC invocations=15 (full 0):
 garbage-first heap   total 94208K, used 62964K [0x0000000705a00000, 0x0000000800000000)
  region size 2048K, 22 young (45056K), 3 survivors (6144K)
 Metaspace       used 47177K, committed 47808K, reserved 1114112K
  class space    used 6447K, committed 6720K, reserved 1048576K
}
Event: 5.035 GC heap after
{Heap after GC invocations=16 (full 0):
 garbage-first heap   total 94208K, used 27301K [0x0000000705a00000, 0x0000000800000000)
  region size 2048K, 3 young (6144K), 3 survivors (6144K)
 Metaspace       used 47177K, committed 47808K, reserved 1114112K
  class space    used 6447K, committed 6720K, reserved 1048576K
}
Event: 5.602 GC heap before
{Heap before GC invocations=17 (full 0):
 garbage-first heap   total 94208K, used 76453K [0x0000000705a00000, 0x0000000800000000)
  region size 2048K, 27 young (55296K), 3 survivors (6144K)
 Metaspace       used 54518K, committed 55168K, reserved 1114112K
  class space    used 7422K, committed 7744K, reserved 1048576K
}
Event: 5.606 GC heap after
{Heap after GC invocations=18 (full 0):
 garbage-first heap   total 114688K, used 28986K [0x0000000705a00000, 0x0000000800000000)
  region size 2048K, 3 young (6144K), 3 survivors (6144K)
 Metaspace       used 54518K, committed 55168K, reserved 1114112K
  class space    used 7422K, committed 7744K, reserved 1048576K
}
Event: 6.092 GC heap before
{Heap before GC invocations=18 (full 0):
 garbage-first heap   total 114688K, used 90426K [0x0000000705a00000, 0x0000000800000000)
  region size 2048K, 33 young (67584K), 3 survivors (6144K)
 Metaspace       used 61204K, committed 61824K, reserved 1114112K
  class space    used 8361K, committed 8640K, reserved 1048576K
}
Event: 6.096 GC heap after
{Heap after GC invocations=19 (full 0):
 garbage-first heap   total 114688K, used 30238K [0x0000000705a00000, 0x0000000800000000)
  region size 2048K, 3 young (6144K), 3 survivors (6144K)
 Metaspace       used 61204K, committed 61824K, reserved 1114112K
  class space    used 8361K, committed 8640K, reserved 1048576K
}
Event: 6.563 GC heap before
{Heap before GC invocations=19 (full 0):
 garbage-first heap   total 114688K, used 91678K [0x0000000705a00000, 0x0000000800000000)
  region size 2048K, 33 young (67584K), 3 survivors (6144K)
 Metaspace       used 66624K, committed 67328K, reserved 1114112K
  class space    used 9177K, committed 9472K, reserved 1048576K
}
Event: 6.567 GC heap after
{Heap after GC invocations=20 (full 0):
 garbage-first heap   total 114688K, used 31843K [0x0000000705a00000, 0x0000000800000000)
  region size 2048K, 3 young (6144K), 3 survivors (6144K)
 Metaspace       used 66624K, committed 67328K, reserved 1114112K
  class space    used 9177K, committed 9472K, reserved 1048576K
}
Event: 7.070 GC heap before
{Heap before GC invocations=20 (full 0):
 garbage-first heap   total 114688K, used 93283K [0x0000000705a00000, 0x0000000800000000)
  region size 2048K, 33 young (67584K), 3 survivors (6144K)
 Metaspace       used 70973K, committed 71616K, reserved 1114112K
  class space    used 9780K, committed 10048K, reserved 1048576K
}
Event: 7.076 GC heap after
{Heap after GC invocations=21 (full 0):
 garbage-first heap   total 114688K, used 34730K [0x0000000705a00000, 0x0000000800000000)
  region size 2048K, 4 young (8192K), 4 survivors (8192K)
 Metaspace       used 70973K, committed 71616K, reserved 1114112K
  class space    used 9780K, committed 10048K, reserved 1048576K
}
Event: 7.571 GC heap before
{Heap before GC invocations=21 (full 0):
 garbage-first heap   total 114688K, used 94122K [0x0000000705a00000, 0x0000000800000000)
  region size 2048K, 33 young (67584K), 4 survivors (8192K)
 Metaspace       used 73103K, committed 73856K, reserved 1114112K
  class space    used 10115K, committed 10432K, reserved 1048576K
}
Event: 7.577 GC heap after
{Heap after GC invocations=22 (full 0):
 garbage-first heap   total 114688K, used 37742K [0x0000000705a00000, 0x0000000800000000)
  region size 2048K, 4 young (8192K), 4 survivors (8192K)
 Metaspace       used 73103K, committed 73856K, reserved 1114112K
  class space    used 10115K, committed 10432K, reserved 1048576K
}
Event: 8.348 GC heap before
{Heap before GC invocations=22 (full 0):
 garbage-first heap   total 114688K, used 95086K [0x0000000705a00000, 0x0000000800000000)
  region size 2048K, 33 young (67584K), 4 survivors (8192K)
 Metaspace       used 75779K, committed 76672K, reserved 1179648K
  class space    used 10551K, committed 10944K, reserved 1048576K
}
Event: 8.354 GC heap after
{Heap after GC invocations=23 (full 0):
 garbage-first heap   total 114688K, used 39236K [0x0000000705a00000, 0x0000000800000000)
  region size 2048K, 3 young (6144K), 3 survivors (6144K)
 Metaspace       used 75779K, committed 76672K, reserved 1179648K
  class space    used 10551K, committed 10944K, reserved 1048576K
}
Event: 793.880 GC heap before
{Heap before GC invocations=23 (full 0):
 garbage-first heap   total 114688K, used 74052K [0x0000000705a00000, 0x0000000800000000)
  region size 2048K, 21 young (43008K), 3 survivors (6144K)
 Metaspace       used 76285K, committed 77184K, reserved 1179648K
  class space    used 10657K, committed 11072K, reserved 1048576K
}
Event: 793.964 GC heap after
{Heap after GC invocations=24 (full 1):
 garbage-first heap   total 114688K, used 32248K [0x0000000705a00000, 0x0000000800000000)
  region size 2048K, 0 young (0K), 0 survivors (0K)
 Metaspace       used 76285K, committed 77184K, reserved 1179648K
  class space    used 10657K, committed 11072K, reserved 1048576K
}
Event: 795.688 GC heap before
{Heap before GC invocations=24 (full 1):
 garbage-first heap   total 114688K, used 97784K [0x0000000705a00000, 0x0000000800000000)
  region size 2048K, 33 young (67584K), 0 survivors (0K)
 Metaspace       used 76328K, committed 77184K, reserved 1179648K
  class space    used 10664K, committed 11072K, reserved 1048576K
}
Event: 795.695 GC heap after
{Heap after GC invocations=25 (full 1):
 garbage-first heap   total 114688K, used 37218K [0x0000000705a00000, 0x0000000800000000)
  region size 2048K, 3 young (6144K), 3 survivors (6144K)
 Metaspace       used 76328K, committed 77184K, reserved 1179648K
  class space    used 10664K, committed 11072K, reserved 1048576K
}

